1736692234.300073 client started (52208): version 3.5a, socket /tmp/tmux-1000/default, protocol 8
1736692234.300094 on Linux 6.11.0-13-generic #14-Ubuntu SMP PREEMPT_DYNAMIC Sat Nov 30 23:51:51 UTC 2024
1736692234.300098 using libevent 2.1.12-stable poll
1736692234.300103 using utf8proc 2.10.0
1736692234.300107 using ncurses 6.5 20240427
1736692234.300122 flags are 0x18010000
1736692234.300125 socket is /tmp/tmux-1000/default
1736692234.300135 trying connect
1736692234.300178 add peer 0x5889ff214e50: 6 ((nil))
1736692234.300406 sending message 111 to peer 0x5889ff214e50 (8 bytes)
1736692234.300411 sending message 111 to peer 0x5889ff214e50 (8 bytes)
1736692234.300414 sending message 101 to peer 0x5889ff214e50 (15 bytes)
1736692234.300416 sending message 109 to peer 0x5889ff214e50 (4 bytes)
1736692234.300419 sending message 102 to peer 0x5889ff214e50 (11 bytes)
1736692234.300421 sending message 108 to peer 0x5889ff214e50 (26 bytes)
1736692234.300423 sending message 112 to peer 0x5889ff214e50 (58 bytes)
1736692234.300426 sending message 112 to peer 0x5889ff214e50 (5 bytes)
1736692234.300428 sending message 112 to peer 0x5889ff214e50 (5 bytes)
1736692234.300431 sending message 112 to peer 0x5889ff214e50 (6 bytes)
1736692234.300433 sending message 112 to peer 0x5889ff214e50 (6 bytes)
1736692234.300435 sending message 112 to peer 0x5889ff214e50 (11 bytes)
1736692234.300438 sending message 112 to peer 0x5889ff214e50 (10 bytes)
1736692234.300440 sending message 112 to peer 0x5889ff214e50 (13 bytes)
1736692234.300443 sending message 112 to peer 0x5889ff214e50 (14 bytes)
1736692234.300445 sending message 112 to peer 0x5889ff214e50 (19 bytes)
1736692234.300447 sending message 112 to peer 0x5889ff214e50 (11 bytes)
1736692234.300450 sending message 112 to peer 0x5889ff214e50 (10 bytes)
1736692234.300452 sending message 112 to peer 0x5889ff214e50 (15 bytes)
1736692234.300454 sending message 112 to peer 0x5889ff214e50 (21 bytes)
1736692234.300457 sending message 112 to peer 0x5889ff214e50 (13 bytes)
1736692234.300459 sending message 112 to peer 0x5889ff214e50 (7 bytes)
1736692234.300461 sending message 112 to peer 0x5889ff214e50 (13 bytes)
1736692234.300464 sending message 112 to peer 0x5889ff214e50 (7 bytes)
1736692234.300466 sending message 112 to peer 0x5889ff214e50 (13 bytes)
1736692234.300468 sending message 112 to peer 0x5889ff214e50 (9 bytes)
1736692234.300471 sending message 112 to peer 0x5889ff214e50 (21 bytes)
1736692234.300473 sending message 112 to peer 0x5889ff214e50 (13 bytes)
1736692234.300475 sending message 112 to peer 0x5889ff214e50 (9 bytes)
1736692234.300478 sending message 112 to peer 0x5889ff214e50 (16 bytes)
1736692234.300480 sending message 112 to peer 0x5889ff214e50 (13 bytes)
1736692234.300482 sending message 112 to peer 0x5889ff214e50 (9 bytes)
1736692234.300485 sending message 112 to peer 0x5889ff214e50 (9 bytes)
1736692234.300487 sending message 112 to peer 0x5889ff214e50 (12 bytes)
1736692234.300490 sending message 112 to peer 0x5889ff214e50 (8 bytes)
1736692234.300492 sending message 112 to peer 0x5889ff214e50 (8 bytes)
1736692234.300494 sending message 112 to peer 0x5889ff214e50 (13 bytes)
1736692234.300497 sending message 112 to peer 0x5889ff214e50 (7 bytes)
1736692234.300499 sending message 112 to peer 0x5889ff214e50 (7 bytes)
1736692234.300501 sending message 112 to peer 0x5889ff214e50 (9 bytes)
1736692234.300504 sending message 112 to peer 0x5889ff214e50 (9 bytes)
1736692234.300506 sending message 112 to peer 0x5889ff214e50 (15 bytes)
1736692234.300508 sending message 112 to peer 0x5889ff214e50 (13 bytes)
1736692234.300511 sending message 112 to peer 0x5889ff214e50 (12 bytes)
1736692234.300513 sending message 112 to peer 0x5889ff214e50 (8 bytes)
1736692234.300515 sending message 112 to peer 0x5889ff214e50 (14 bytes)
1736692234.300518 sending message 112 to peer 0x5889ff214e50 (11 bytes)
1736692234.300520 sending message 112 to peer 0x5889ff214e50 (9 bytes)
1736692234.300522 sending message 112 to peer 0x5889ff214e50 (10 bytes)
1736692234.300525 sending message 112 to peer 0x5889ff214e50 (10 bytes)
1736692234.300527 sending message 112 to peer 0x5889ff214e50 (10 bytes)
1736692234.300534 sending message 112 to peer 0x5889ff214e50 (10 bytes)
1736692234.300537 sending message 112 to peer 0x5889ff214e50 (11 bytes)
1736692234.300539 sending message 112 to peer 0x5889ff214e50 (12 bytes)
1736692234.300541 sending message 112 to peer 0x5889ff214e50 (12 bytes)
1736692234.300544 sending message 112 to peer 0x5889ff214e50 (12 bytes)
1736692234.300546 sending message 112 to peer 0x5889ff214e50 (12 bytes)
1736692234.300549 sending message 112 to peer 0x5889ff214e50 (12 bytes)
1736692234.300551 sending message 112 to peer 0x5889ff214e50 (11 bytes)
1736692234.300553 sending message 112 to peer 0x5889ff214e50 (11 bytes)
1736692234.300556 sending message 112 to peer 0x5889ff214e50 (12 bytes)
1736692234.300558 sending message 112 to peer 0x5889ff214e50 (12 bytes)
1736692234.300560 sending message 112 to peer 0x5889ff214e50 (12 bytes)
1736692234.300563 sending message 112 to peer 0x5889ff214e50 (12 bytes)
1736692234.300565 sending message 112 to peer 0x5889ff214e50 (12 bytes)
1736692234.300567 sending message 112 to peer 0x5889ff214e50 (9 bytes)
1736692234.300570 sending message 112 to peer 0x5889ff214e50 (12 bytes)
1736692234.300572 sending message 112 to peer 0x5889ff214e50 (13 bytes)
1736692234.300574 sending message 112 to peer 0x5889ff214e50 (13 bytes)
1736692234.300577 sending message 112 to peer 0x5889ff214e50 (13 bytes)
1736692234.300579 sending message 112 to peer 0x5889ff214e50 (13 bytes)
1736692234.300582 sending message 112 to peer 0x5889ff214e50 (13 bytes)
1736692234.300584 sending message 112 to peer 0x5889ff214e50 (8 bytes)
1736692234.300586 sending message 112 to peer 0x5889ff214e50 (11 bytes)
1736692234.300589 sending message 112 to peer 0x5889ff214e50 (11 bytes)
1736692234.300591 sending message 112 to peer 0x5889ff214e50 (11 bytes)
1736692234.300593 sending message 112 to peer 0x5889ff214e50 (12 bytes)
1736692234.300596 sending message 112 to peer 0x5889ff214e50 (12 bytes)
1736692234.300598 sending message 112 to peer 0x5889ff214e50 (12 bytes)
1736692234.300600 sending message 112 to peer 0x5889ff214e50 (12 bytes)
1736692234.300603 sending message 112 to peer 0x5889ff214e50 (13 bytes)
1736692234.300605 sending message 112 to peer 0x5889ff214e50 (13 bytes)
1736692234.300607 sending message 112 to peer 0x5889ff214e50 (13 bytes)
1736692234.300610 sending message 112 to peer 0x5889ff214e50 (8 bytes)
1736692234.300612 sending message 112 to peer 0x5889ff214e50 (13 bytes)
1736692234.300615 sending message 112 to peer 0x5889ff214e50 (13 bytes)
1736692234.300617 sending message 112 to peer 0x5889ff214e50 (13 bytes)
1736692234.300619 sending message 112 to peer 0x5889ff214e50 (13 bytes)
1736692234.300622 sending message 112 to peer 0x5889ff214e50 (13 bytes)
1736692234.300624 sending message 112 to peer 0x5889ff214e50 (12 bytes)
1736692234.300626 sending message 112 to peer 0x5889ff214e50 (12 bytes)
1736692234.300629 sending message 112 to peer 0x5889ff214e50 (12 bytes)
1736692234.300631 sending message 112 to peer 0x5889ff214e50 (12 bytes)
1736692234.300633 sending message 112 to peer 0x5889ff214e50 (13 bytes)
1736692234.300636 sending message 112 to peer 0x5889ff214e50 (8 bytes)
1736692234.300638 sending message 112 to peer 0x5889ff214e50 (13 bytes)
1736692234.300640 sending message 112 to peer 0x5889ff214e50 (13 bytes)
1736692234.300643 sending message 112 to peer 0x5889ff214e50 (13 bytes)
1736692234.300645 sending message 112 to peer 0x5889ff214e50 (13 bytes)
1736692234.300648 sending message 112 to peer 0x5889ff214e50 (13 bytes)
1736692234.300650 sending message 112 to peer 0x5889ff214e50 (13 bytes)
1736692234.300652 sending message 112 to peer 0x5889ff214e50 (13 bytes)
1736692234.300655 sending message 112 to peer 0x5889ff214e50 (12 bytes)
1736692234.300657 sending message 112 to peer 0x5889ff214e50 (12 bytes)
1736692234.300659 sending message 112 to peer 0x5889ff214e50 (12 bytes)
1736692234.300662 sending message 112 to peer 0x5889ff214e50 (8 bytes)
1736692234.300664 sending message 112 to peer 0x5889ff214e50 (12 bytes)
1736692234.300669 sending message 112 to peer 0x5889ff214e50 (13 bytes)
1736692234.300671 sending message 112 to peer 0x5889ff214e50 (13 bytes)
1736692234.300674 sending message 112 to peer 0x5889ff214e50 (13 bytes)
1736692234.300676 sending message 112 to peer 0x5889ff214e50 (13 bytes)
1736692234.300679 sending message 112 to peer 0x5889ff214e50 (13 bytes)
1736692234.300681 sending message 112 to peer 0x5889ff214e50 (13 bytes)
1736692234.300683 sending message 112 to peer 0x5889ff214e50 (13 bytes)
1736692234.300686 sending message 112 to peer 0x5889ff214e50 (13 bytes)
1736692234.300688 sending message 112 to peer 0x5889ff214e50 (12 bytes)
1736692234.300690 sending message 112 to peer 0x5889ff214e50 (10 bytes)
1736692234.300693 sending message 112 to peer 0x5889ff214e50 (12 bytes)
1736692234.300695 sending message 112 to peer 0x5889ff214e50 (12 bytes)
1736692234.300697 sending message 112 to peer 0x5889ff214e50 (12 bytes)
1736692234.300700 sending message 112 to peer 0x5889ff214e50 (13 bytes)
1736692234.300702 sending message 112 to peer 0x5889ff214e50 (13 bytes)
1736692234.300704 sending message 112 to peer 0x5889ff214e50 (13 bytes)
1736692234.300707 sending message 112 to peer 0x5889ff214e50 (13 bytes)
1736692234.300709 sending message 112 to peer 0x5889ff214e50 (13 bytes)
1736692234.300711 sending message 112 to peer 0x5889ff214e50 (13 bytes)
1736692234.300714 sending message 112 to peer 0x5889ff214e50 (13 bytes)
1736692234.300716 sending message 112 to peer 0x5889ff214e50 (10 bytes)
1736692234.300725 sending message 112 to peer 0x5889ff214e50 (13 bytes)
1736692234.300730 sending message 112 to peer 0x5889ff214e50 (12 bytes)
1736692234.300733 sending message 112 to peer 0x5889ff214e50 (12 bytes)
1736692234.300735 sending message 112 to peer 0x5889ff214e50 (12 bytes)
1736692234.300737 sending message 112 to peer 0x5889ff214e50 (10 bytes)
1736692234.300740 sending message 112 to peer 0x5889ff214e50 (10 bytes)
1736692234.300742 sending message 112 to peer 0x5889ff214e50 (10 bytes)
1736692234.300745 sending message 112 to peer 0x5889ff214e50 (12 bytes)
1736692234.300747 sending message 112 to peer 0x5889ff214e50 (13 bytes)
1736692234.300749 sending message 112 to peer 0x5889ff214e50 (13 bytes)
1736692234.300752 sending message 112 to peer 0x5889ff214e50 (13 bytes)
1736692234.300754 sending message 112 to peer 0x5889ff214e50 (13 bytes)
1736692234.300756 sending message 112 to peer 0x5889ff214e50 (13 bytes)
1736692234.300759 sending message 112 to peer 0x5889ff214e50 (10 bytes)
1736692234.300761 sending message 112 to peer 0x5889ff214e50 (11 bytes)
1736692234.300764 sending message 112 to peer 0x5889ff214e50 (12 bytes)
1736692234.300766 sending message 112 to peer 0x5889ff214e50 (12 bytes)
1736692234.300768 sending message 112 to peer 0x5889ff214e50 (12 bytes)
1736692234.300771 sending message 112 to peer 0x5889ff214e50 (12 bytes)
1736692234.300773 sending message 112 to peer 0x5889ff214e50 (12 bytes)
1736692234.300775 sending message 112 to peer 0x5889ff214e50 (11 bytes)
1736692234.300778 sending message 112 to peer 0x5889ff214e50 (12 bytes)
1736692234.300780 sending message 112 to peer 0x5889ff214e50 (12 bytes)
1736692234.300782 sending message 112 to peer 0x5889ff214e50 (13 bytes)
1736692234.300785 sending message 112 to peer 0x5889ff214e50 (13 bytes)
1736692234.300787 sending message 112 to peer 0x5889ff214e50 (13 bytes)
1736692234.300789 sending message 112 to peer 0x5889ff214e50 (13 bytes)
1736692234.300792 sending message 112 to peer 0x5889ff214e50 (13 bytes)
1736692234.300794 sending message 112 to peer 0x5889ff214e50 (10 bytes)
1736692234.300797 sending message 112 to peer 0x5889ff214e50 (9 bytes)
1736692234.300799 sending message 112 to peer 0x5889ff214e50 (12 bytes)
1736692234.300801 sending message 112 to peer 0x5889ff214e50 (13 bytes)
1736692234.300804 sending message 112 to peer 0x5889ff214e50 (13 bytes)
1736692234.300806 sending message 112 to peer 0x5889ff214e50 (13 bytes)
1736692234.300808 sending message 112 to peer 0x5889ff214e50 (13 bytes)
1736692234.300811 sending message 112 to peer 0x5889ff214e50 (13 bytes)
1736692234.300816 sending message 112 to peer 0x5889ff214e50 (9 bytes)
1736692234.300818 sending message 112 to peer 0x5889ff214e50 (12 bytes)
1736692234.300820 sending message 112 to peer 0x5889ff214e50 (13 bytes)
1736692234.300823 sending message 112 to peer 0x5889ff214e50 (13 bytes)
1736692234.300825 sending message 112 to peer 0x5889ff214e50 (13 bytes)
1736692234.300827 sending message 112 to peer 0x5889ff214e50 (13 bytes)
1736692234.300830 sending message 112 to peer 0x5889ff214e50 (13 bytes)
1736692234.300832 sending message 112 to peer 0x5889ff214e50 (11 bytes)
1736692234.300835 sending message 112 to peer 0x5889ff214e50 (12 bytes)
1736692234.300837 sending message 112 to peer 0x5889ff214e50 (13 bytes)
1736692234.300839 sending message 112 to peer 0x5889ff214e50 (13 bytes)
1736692234.300842 sending message 112 to peer 0x5889ff214e50 (13 bytes)
1736692234.300844 sending message 112 to peer 0x5889ff214e50 (13 bytes)
1736692234.300846 sending message 112 to peer 0x5889ff214e50 (13 bytes)
1736692234.300849 sending message 112 to peer 0x5889ff214e50 (11 bytes)
1736692234.300851 sending message 112 to peer 0x5889ff214e50 (12 bytes)
1736692234.300853 sending message 112 to peer 0x5889ff214e50 (12 bytes)
1736692234.300856 sending message 112 to peer 0x5889ff214e50 (12 bytes)
1736692234.300858 sending message 112 to peer 0x5889ff214e50 (12 bytes)
1736692234.300861 sending message 112 to peer 0x5889ff214e50 (12 bytes)
1736692234.300863 sending message 112 to peer 0x5889ff214e50 (21 bytes)
1736692234.300865 sending message 112 to peer 0x5889ff214e50 (12 bytes)
1736692234.300868 sending message 112 to peer 0x5889ff214e50 (9 bytes)
1736692234.300870 sending message 112 to peer 0x5889ff214e50 (6 bytes)
1736692234.300872 sending message 112 to peer 0x5889ff214e50 (13 bytes)
1736692234.300875 sending message 112 to peer 0x5889ff214e50 (10 bytes)
1736692234.300877 sending message 112 to peer 0x5889ff214e50 (24 bytes)
1736692234.300880 sending message 112 to peer 0x5889ff214e50 (13 bytes)
1736692234.300882 sending message 112 to peer 0x5889ff214e50 (9 bytes)
1736692234.300885 sending message 112 to peer 0x5889ff214e50 (70 bytes)
1736692234.300887 sending message 112 to peer 0x5889ff214e50 (69 bytes)
1736692234.300889 sending message 112 to peer 0x5889ff214e50 (12 bytes)
1736692234.300892 sending message 112 to peer 0x5889ff214e50 (10 bytes)
1736692234.300894 sending message 112 to peer 0x5889ff214e50 (10 bytes)
1736692234.300897 sending message 112 to peer 0x5889ff214e50 (24 bytes)
1736692234.300899 sending message 112 to peer 0x5889ff214e50 (13 bytes)
1736692234.300901 sending message 112 to peer 0x5889ff214e50 (10 bytes)
1736692234.300904 sending message 112 to peer 0x5889ff214e50 (10 bytes)
1736692234.300906 sending message 112 to peer 0x5889ff214e50 (10 bytes)
1736692234.300908 sending message 112 to peer 0x5889ff214e50 (13 bytes)
1736692234.300911 sending message 112 to peer 0x5889ff214e50 (15 bytes)
1736692234.300914 sending message 112 to peer 0x5889ff214e50 (5 bytes)
1736692234.300916 sending message 104 to peer 0x5889ff214e50 (0 bytes)
1736692234.300919 sending message 110 to peer 0x5889ff214e50 (0 bytes)
1736692234.300922 sending message 107 to peer 0x5889ff214e50 (4 bytes)
1736692234.300924 sending message 105 to peer 0x5889ff214e50 (16 bytes)
1736692234.300927 sending message 105 to peer 0x5889ff214e50 (80 bytes)
1736692234.300929 sending message 105 to peer 0x5889ff214e50 (20 bytes)
1736692234.300932 sending message 105 to peer 0x5889ff214e50 (19 bytes)
1736692234.300934 sending message 105 to peer 0x5889ff214e50 (16 bytes)
1736692234.300937 sending message 105 to peer 0x5889ff214e50 (20 bytes)
1736692234.300939 sending message 105 to peer 0x5889ff214e50 (45 bytes)
1736692234.300941 sending message 105 to peer 0x5889ff214e50 (61 bytes)
1736692234.300944 sending message 105 to peer 0x5889ff214e50 (23 bytes)
1736692234.300946 sending message 105 to peer 0x5889ff214e50 (29 bytes)
1736692234.300949 sending message 105 to peer 0x5889ff214e50 (44 bytes)
1736692234.300951 sending message 105 to peer 0x5889ff214e50 (21 bytes)
1736692234.300956 sending message 105 to peer 0x5889ff214e50 (23 bytes)
1736692234.300959 sending message 105 to peer 0x5889ff214e50 (32 bytes)
1736692234.300961 sending message 105 to peer 0x5889ff214e50 (20 bytes)
1736692234.300964 sending message 105 to peer 0x5889ff214e50 (41 bytes)
1736692234.300966 sending message 105 to peer 0x5889ff214e50 (51 bytes)
1736692234.300968 sending message 105 to peer 0x5889ff214e50 (20 bytes)
1736692234.300971 sending message 105 to peer 0x5889ff214e50 (43 bytes)
1736692234.300973 sending message 105 to peer 0x5889ff214e50 (23 bytes)
1736692234.300975 sending message 105 to peer 0x5889ff214e50 (24 bytes)
1736692234.300978 sending message 105 to peer 0x5889ff214e50 (28 bytes)
1736692234.300980 sending message 105 to peer 0x5889ff214e50 (30 bytes)
1736692234.300983 sending message 105 to peer 0x5889ff214e50 (27 bytes)
1736692234.300985 sending message 105 to peer 0x5889ff214e50 (15 bytes)
1736692234.300988 sending message 105 to peer 0x5889ff214e50 (25 bytes)
1736692234.300990 sending message 105 to peer 0x5889ff214e50 (22 bytes)
1736692234.300993 sending message 105 to peer 0x5889ff214e50 (54 bytes)
1736692234.300995 sending message 105 to peer 0x5889ff214e50 (22 bytes)
1736692234.300997 sending message 105 to peer 0x5889ff214e50 (33 bytes)
1736692234.301000 sending message 105 to peer 0x5889ff214e50 (18 bytes)
1736692234.301002 sending message 105 to peer 0x5889ff214e50 (16 bytes)
1736692234.301004 sending message 105 to peer 0x5889ff214e50 (18 bytes)
1736692234.301007 sending message 105 to peer 0x5889ff214e50 (21 bytes)
1736692234.301009 sending message 105 to peer 0x5889ff214e50 (17 bytes)
1736692234.301012 sending message 105 to peer 0x5889ff214e50 (1817 bytes)
1736692234.301021 sending message 105 to peer 0x5889ff214e50 (33 bytes)
1736692234.301024 sending message 105 to peer 0x5889ff214e50 (144 bytes)
1736692234.301026 sending message 105 to peer 0x5889ff214e50 (26 bytes)
1736692234.301029 sending message 105 to peer 0x5889ff214e50 (47 bytes)
1736692234.301031 sending message 105 to peer 0x5889ff214e50 (16 bytes)
1736692234.301034 sending message 105 to peer 0x5889ff214e50 (124 bytes)
1736692234.301036 sending message 105 to peer 0x5889ff214e50 (24 bytes)
1736692234.301039 sending message 105 to peer 0x5889ff214e50 (26 bytes)
1736692234.301041 sending message 105 to peer 0x5889ff214e50 (23 bytes)
1736692234.301043 sending message 105 to peer 0x5889ff214e50 (34 bytes)
1736692234.301046 sending message 105 to peer 0x5889ff214e50 (23 bytes)
1736692234.301048 sending message 105 to peer 0x5889ff214e50 (20 bytes)
1736692234.301050 sending message 105 to peer 0x5889ff214e50 (30 bytes)
1736692234.301053 sending message 105 to peer 0x5889ff214e50 (20 bytes)
1736692234.301055 sending message 105 to peer 0x5889ff214e50 (32 bytes)
1736692234.301057 sending message 105 to peer 0x5889ff214e50 (12 bytes)
1736692234.301060 sending message 105 to peer 0x5889ff214e50 (50 bytes)
1736692234.301062 sending message 105 to peer 0x5889ff214e50 (11 bytes)
1736692234.301065 sending message 105 to peer 0x5889ff214e50 (8 bytes)
1736692234.301067 sending message 105 to peer 0x5889ff214e50 (14 bytes)
1736692234.301069 sending message 105 to peer 0x5889ff214e50 (35 bytes)
1736692234.301072 sending message 105 to peer 0x5889ff214e50 (25 bytes)
1736692234.301074 sending message 105 to peer 0x5889ff214e50 (18 bytes)
1736692234.301077 sending message 105 to peer 0x5889ff214e50 (56 bytes)
1736692234.301079 sending message 105 to peer 0x5889ff214e50 (27 bytes)
1736692234.301081 sending message 105 to peer 0x5889ff214e50 (17 bytes)
1736692234.301084 sending message 105 to peer 0x5889ff214e50 (17 bytes)
1736692234.301086 sending message 105 to peer 0x5889ff214e50 (31 bytes)
1736692234.301089 sending message 105 to peer 0x5889ff214e50 (47 bytes)
1736692234.301091 sending message 105 to peer 0x5889ff214e50 (20 bytes)
1736692234.301093 sending message 105 to peer 0x5889ff214e50 (20 bytes)
1736692234.301096 sending message 105 to peer 0x5889ff214e50 (23 bytes)
1736692234.301098 sending message 105 to peer 0x5889ff214e50 (102 bytes)
1736692234.301103 sending message 105 to peer 0x5889ff214e50 (608 bytes)
1736692234.301106 sending message 105 to peer 0x5889ff214e50 (18 bytes)
1736692234.301108 sending message 105 to peer 0x5889ff214e50 (54 bytes)
1736692234.301110 sending message 105 to peer 0x5889ff214e50 (52 bytes)
1736692234.301113 sending message 105 to peer 0x5889ff214e50 (31 bytes)
1736692234.301115 sending message 105 to peer 0x5889ff214e50 (14 bytes)
1736692234.301118 sending message 105 to peer 0x5889ff214e50 (36 bytes)
1736692234.301120 sending message 105 to peer 0x5889ff214e50 (85 bytes)
1736692234.301123 sending message 105 to peer 0x5889ff214e50 (23 bytes)
1736692234.301125 sending message 105 to peer 0x5889ff214e50 (20 bytes)
1736692234.301127 sending message 105 to peer 0x5889ff214e50 (17 bytes)
1736692234.301130 sending message 105 to peer 0x5889ff214e50 (38 bytes)
1736692234.301132 sending message 106 to peer 0x5889ff214e50 (0 bytes)
1736692234.301161 sending message 200 to peer 0x5889ff214e50 (4 bytes)
1736692234.301164 client loop enter
1736692234.302524 peer 0x5889ff214e50 message 207
1736692234.302532 sending message 208 to peer 0x5889ff214e50 (0 bytes)
1736692237.919057 peer 0x5889ff214e50 message 203
1736692237.919080 sending message 205 to peer 0x5889ff214e50 (0 bytes)
1736692237.919314 peer 0x5889ff214e50 message 204
1736692237.919323 client loop exit
